#
# A fatal error has been detected by the Java Runtime Environment:
#
#  EXCEPTION_ACCESS_VIOLATION (0xc0000005) at pc=0x6c27fd10, pid=2704, tid=3756
#
# JRE version: 7.0_25-b17
# Java VM: Java HotSpot(TM) Client VM (23.25-b01 mixed mode windows-x86 )
# Problematic frame:
# V  [jvm.dll+0x1fd10]
#
# Failed to write core dump. Minidumps are not enabled by default on client versions of Windows
#
# If you would like to submit a bug report, please visit:
#   http://bugreport.sun.com/bugreport/crash.jsp
#

---------------  T H R E A D  ---------------

Current thread (0x179acc00):  JavaThread "JDWP Transport Listener: dt_socket" daemon [_thread_in_vm, id=3756, stack(0x17c10000,0x17c60000)]

siginfo: ExceptionCode=0xc0000005, reading address 0x00000008

Registers:
EAX=0x03869a98, EBX=0x03869a98, ECX=0x00000000, EDX=0x00000000
ESP=0x17c5f430, EBP=0x17c5f434, ESI=0x00000000, EDI=0x179acc00
EIP=0x6c27fd10, EFLAGS=0x00010246

Top of Stack: (sp=0x17c5f430)
0x17c5f430:   179acd28 17c5f45c 6c302db3 03869a98
0x17c5f440:   179acd28 727ae174 727ae15c 179acc00
0x17c5f450:   00000000 179acd28 17c5f520 727ae99c
0x17c5f460:   727963b2 179acd28 1794c798 00000000
0x17c5f470:   17c5f494 17c5f520 17a03548 17c5f4d0
0x17c5f480:   1794c798 17c5f4a0 7279bd12 17c5f4a0
0x17c5f490:   17c5f4d4 727ae890 738d5004 727b2c68
0x17c5f4a0:   0020cec0 0000000b 00200000 00000013 

Instructions: (pc=0x6c27fd10)
0x6c27fcf0:   8b 0d a4 6d 55 6c 85 c9 7e 05 8b 0c 01 eb 02 33
0x6c27fd00:   c9 8b 15 a8 6d 55 6c 85 d2 7e 05 8b 04 02 eb 03
0x6c27fd10:   8b 46 08 85 c0 75 0f 33 c9 50 51 e8 00 66 14 00
0x6c27fd20:   83 c4 08 5e 5d c3 8d 4c 4e 0c 50 51 e8 ef 65 14 


Register to memory mapping:

EAX=0x03869a98 is an oop
java.lang.String 
 - klass: 'java/lang/String'
EBX=0x03869a98 is an oop
java.lang.String 
 - klass: 'java/lang/String'
ECX=0x00000000 is an unknown value
EDX=0x00000000 is an unknown value
ESP=0x17c5f430 is pointing into the stack for thread: 0x179acc00
EBP=0x17c5f434 is pointing into the stack for thread: 0x179acc00
ESI=0x00000000 is an unknown value
EDI=0x179acc00 is a thread


Stack: [0x17c10000,0x17c60000],  sp=0x17c5f430,  free space=317k
Native frames: (J=compiled Java code, j=interpreted, Vv=VM code, C=native code)
V  [jvm.dll+0x1fd10]
V  [jvm.dll+0xa2db3]


---------------  P R O C E S S  ---------------

Java Threads: ( => current thread )
  0x179d4400 JavaThread "Service Thread" daemon [_thread_blocked, id=3760, stack(0x185b0000,0x18600000)]
  0x179bf000 JavaThread "C1 CompilerThread0" daemon [_thread_blocked, id=3936, stack(0x18540000,0x18590000)]
  0x179b0400 JavaThread "JDWP Command Reader" daemon [_thread_in_native, id=3624, stack(0x01680000,0x016d0000)]
  0x179ae000 JavaThread "JDWP Event Helper Thread" daemon [_thread_blocked, id=1468, stack(0x184e0000,0x18530000)]
=>0x179acc00 JavaThread "JDWP Transport Listener: dt_socket" daemon [_thread_in_vm, id=3756, stack(0x17c10000,0x17c60000)]
  0x1799f800 JavaThread "Attach Listener" daemon [_thread_blocked, id=188, stack(0x17de0000,0x17e30000)]
  0x1799c400 JavaThread "Signal Dispatcher" daemon [_thread_blocked, id=1496, stack(0x015d0000,0x01620000)]
  0x17944800 JavaThread "Finalizer" daemon [_thread_blocked, id=2808, stack(0x17cb0000,0x17d00000)]
  0x0180f400 JavaThread "Reference Handler" daemon [_thread_blocked, id=3880, stack(0x17b80000,0x17bd0000)]
  0x0020b800 JavaThread "main" [_thread_blocked, id=3164, stack(0x01630000,0x01680000)]

Other Threads:
  0x01809800 VMThread [stack: 0x178f0000,0x17940000] [id=1720]
  0x179df000 WatcherThread [stack: 0x17d30000,0x17d80000] [id=1976]

VM state:not at safepoint (normal execution)

VM Mutex/Monitor currently owned by a thread: None

Heap
 def new generation   total 4928K, used 449K [0x03810000, 0x03d60000, 0x08d60000)
  eden space 4416K,  10% used [0x03810000, 0x03880788, 0x03c60000)
  from space 512K,   0% used [0x03c60000, 0x03c60000, 0x03ce0000)
  to   space 512K,   0% used [0x03ce0000, 0x03ce0000, 0x03d60000)
 tenured generation   total 10944K, used 0K [0x08d60000, 0x09810000, 0x13810000)
   the space 10944K,   0% used [0x08d60000, 0x08d60000, 0x08d60200, 0x09810000)
 compacting perm gen  total 12288K, used 1645K [0x13810000, 0x14410000, 0x17810000)
   the space 12288K,  13% used [0x13810000, 0x139ab4f0, 0x139ab600, 0x14410000)
No shared spaces configured.

Card table byte_map: [0x17810000,0x178c0000] byte_map_base: 0x177f3f80

Polling page: 0x00250000

Code Cache  [0x01810000, 0x018a8000, 0x03810000)
 total_blobs=127 nmethods=7 adapters=64 free_code_cache=32186Kb largest_free_block=32959424

Compilation events (10 events):
Event: 6.945 Thread 0x179bf000    3             java.lang.String::indexOf (70 bytes)
Event: 6.946 Thread 0x179bf000 nmethod 3 0x018a0048 code [0x018a0160, 0x018a02ac]
Event: 6.959 Thread 0x179bf000    4             java.lang.String::equals (81 bytes)
Event: 6.960 Thread 0x179bf000 nmethod 4 0x018a0408 code [0x018a0520, 0x018a06c0]
Event: 6.968 Thread 0x179bf000    5             java.lang.Object::<init> (1 bytes)
Event: 6.968 Thread 0x179bf000 nmethod 5 0x018a0908 code [0x018a0a00, 0x018a0a90]
Event: 34.303 Thread 0x179bf000    6             java.lang.String::lastIndexOf (52 bytes)
Event: 34.304 Thread 0x179bf000 nmethod 6 0x018a0b08 code [0x018a0c10, 0x018a0d2c]
Event: 34.304 Thread 0x179bf000    7             java.lang.String::indexOf (166 bytes)
Event: 34.305 Thread 0x179bf000 nmethod 7 0x018a0e08 code [0x018a0f20, 0x018a1150]

GC Heap History (0 events):
No events

Deoptimization events (0 events):
No events

Internal exceptions (4 events):
Event: 0.196 Thread 0x0020b800 Threw 0x03816060 at C:\jdk7u2_32P\jdk7u25\hotspot\src\share\vm\prims\jni.cpp:3994
Event: 6.959 Thread 0x0020b800 Threw 0x0385f9f8 at C:\jdk7u2_32P\jdk7u25\hotspot\src\share\vm\prims\jvm.cpp:1235
Event: 6.969 Thread 0x0020b800 Threw 0x03865ea8 at C:\jdk7u2_32P\jdk7u25\hotspot\src\share\vm\prims\jvm.cpp:1235
Event: 34.303 Thread 0x0020b800 Threw 0x038680d8 at C:\jdk7u2_32P\jdk7u25\hotspot\src\share\vm\prims\jvm.cpp:1235

Events (10 events):
Event: 85.922 Executing VM operation: GetOrSetLocal
Event: 85.922 Executing VM operation: GetOrSetLocal done
Event: 85.924 Executing VM operation: GetOrSetLocal
Event: 85.924 Executing VM operation: GetOrSetLocal done
Event: 85.927 Executing VM operation: GetOrSetLocal
Event: 85.927 Executing VM operation: GetOrSetLocal done
Event: 85.930 Executing VM operation: GetOrSetLocal
Event: 85.930 Executing VM operation: GetOrSetLocal done
Event: 86.692 Executing VM operation: GetOrSetLocal
Event: 86.693 Executing VM operation: GetOrSetLocal done


Dynamic libraries:
0x01190000 - 0x011bf000 	C:\Program Files\Java\jdk1.7.0_25\bin\javaw.exe
0x77bc0000 - 0x77cfc000 	C:\Windows\SYSTEM32\ntdll.dll
0x76300000 - 0x763d4000 	C:\Windows\system32\kernel32.dll
0x75e70000 - 0x75ebb000 	C:\Windows\system32\KERNELBASE.dll
0x76190000 - 0x76230000 	C:\Windows\system32\ADVAPI32.dll
0x76230000 - 0x762dc000 	C:\Windows\system32\msvcrt.dll
0x762e0000 - 0x762f9000 	C:\Windows\SYSTEM32\sechost.dll
0x77800000 - 0x778a2000 	C:\Windows\system32\RPCRT4.dll
0x77730000 - 0x777f9000 	C:\Windows\system32\USER32.dll
0x778b0000 - 0x778fe000 	C:\Windows\system32\GDI32.dll
0x77d70000 - 0x77d7a000 	C:\Windows\system32\LPK.dll
0x760f0000 - 0x7618d000 	C:\Windows\system32\USP10.dll
0x74af0000 - 0x74c8e000 	C:\Windows\WinSxS\x86_microsoft.windows.common-controls_6595b64144ccf1df_6.0.7601.17514_none_41e6975e2bd6f2b2\COMCTL32.dll
0x77d10000 - 0x77d67000 	C:\Windows\system32\SHLWAPI.dll
0x774d0000 - 0x774ef000 	C:\Windows\system32\IMM32.DLL
0x77900000 - 0x779cc000 	C:\Windows\system32\MSCTF.dll
0x6cb70000 - 0x6cc2e000 	C:\Program Files\Java\jdk1.7.0_25\jre\bin\msvcr100.dll
0x6c260000 - 0x6c5a2000 	C:\Program Files\Java\jdk1.7.0_25\jre\bin\client\jvm.dll
0x70650000 - 0x70657000 	C:\Windows\system32\WSOCK32.dll
0x760b0000 - 0x760e5000 	C:\Windows\system32\WS2_32.dll
0x77d00000 - 0x77d06000 	C:\Windows\system32\NSI.dll
0x73fb0000 - 0x73fe2000 	C:\Windows\system32\WINMM.dll
0x774c0000 - 0x774c5000 	C:\Windows\system32\PSAPI.DLL
0x740e0000 - 0x740ec000 	C:\Program Files\Java\jdk1.7.0_25\jre\bin\verify.dll
0x740c0000 - 0x740e0000 	C:\Program Files\Java\jdk1.7.0_25\jre\bin\java.dll
0x72790000 - 0x727ba000 	C:\Program Files\Java\jdk1.7.0_25\jre\bin\jdwp.dll
0x738e0000 - 0x738e7000 	C:\Program Files\Java\jdk1.7.0_25\jre\bin\npt.dll
0x740a0000 - 0x740b3000 	C:\Program Files\Java\jdk1.7.0_25\jre\bin\zip.dll
0x738d0000 - 0x738d8000 	C:\Program Files\Java\jdk1.7.0_25\jre\bin\dt_socket.dll
0x743a0000 - 0x743b0000 	C:\Windows\system32\NLAapi.dll
0x70450000 - 0x70460000 	C:\Windows\system32\napinsp.dll
0x70430000 - 0x70442000 	C:\Windows\system32\pnrpnsp.dll
0x70420000 - 0x7042d000 	C:\Windows\system32\wshbth.dll
0x75580000 - 0x755bc000 	C:\Windows\System32\mswsock.dll
0x75440000 - 0x75484000 	C:\Windows\system32\DNSAPI.dll
0x70410000 - 0x70418000 	C:\Windows\System32\winrnr.dll
0x73e00000 - 0x73e1c000 	C:\Windows\system32\IPHLPAPI.DLL
0x73ee0000 - 0x73ee7000 	C:\Windows\system32\WINNSI.DLL
0x73af0000 - 0x73b28000 	C:\Windows\System32\fwpuclnt.dll
0x70ce0000 - 0x70ce6000 	C:\Windows\system32\rasadhlp.dll
0x750f0000 - 0x750f5000 	C:\Windows\System32\wshtcpip.dll
0x67390000 - 0x6747b000 	C:\Windows\system32\dbghelp.dll

VM Arguments:
jvm_args: -agentlib:jdwp=transport=dt_socket,suspend=y,address=localhost:3139 -Dfile.encoding=Cp1250 
java_command: my.lista.ListaJednoKierunkowa
Launcher Type: SUN_STANDARD

Environment Variables:
JAVA_HOME=C:\Program Files\Java\jdk1.7.0_25
JRE_HOME=C:\Program Files\Java\jdk1.7.0_25\jre
CLASSPATH=JAVAEE_HOME\lib\javaee.jar
PATH=C:\Program Files\Java\jdk1.7.0_25\jre\bin;C:\Perl\site\bin;C:\Perl\bin;C:\Windows\System32;C:\Program Files\Java\jdk1.7.0_25\bin;C:\Windows\system32;C:\Windows;C:\Windows\System32\Wbem;D:\JBOSS\jboss-as-7.1.1.Final;JAVA_HOME/bin;C:\subversiom\bin;C:\ant\bin;H:\serwery\jbossk\bin;JAVAEE_HOME\bin;JAVAEE_HOME;C:\OpenSSL-Win32\bin;C:\mysql5.5\bin;ORGE_HOME\bin;H:\OPENCV\opencv\build\x86\mingw\bin;H:\OPENCV\opencv\build\x86\mingw\lib;H:\OPENCV\opencv\build\x86\mingw\bin;H:\OPENCV\opencv\build\include;H:\androidsdk\platform-tools;C:\Program Files\TortoiseSVN\bin;C:\Program Files\jEdit;C:\Users\serv\Desktop\SSH;C:\maven\bin;C:\MinGW\bin;C:\MinGW\msys\1.0\bin;C:\Program Files\Nmap;C:\Program Files\Ncrack
USERNAME=serv
OS=Windows_NT
PROCESSOR_IDENTIFIER=x86 Family 6 Model 23 Stepping 10, GenuineIntel



---------------  S Y S T E M  ---------------

OS: Windows 7 Build 7601 Service Pack 1

CPU:total 2 (2 cores per cpu, 1 threads per core) family 6 model 23 stepping 10, cmov, cx8, fxsr, mmx, sse, sse2, sse3, ssse3, tsc

Memory: 4k page, physical 3105356k(1214580k free), swap 6206860k(3048152k free)

vm_info: Java HotSpot(TM) Client VM (23.25-b01) for windows-x86 JRE (1.7.0_25-b17), built on Jun 21 2013 13:06:48 by "java_re" with unknown MS VC++:1600

time: Tue Nov 10 21:28:19 2015
elapsed time: 87 seconds

